android/app/build/intermediates/manifest_merge_blame_file/debug/manifest-merger-blame-debug-report.txt
1<?xml version="1.0" encoding="utf-8"?>
2<manifest xmlns:android="http://schemas.android.com/apk/res/android"
3    package="com.geolocationtcc"
4    android:versionCode="1"
5    android:versionName="1.0" >
6
7    <uses-sdk
8        android:minSdkVersion="21"
9        android:targetSdkVersion="29" />
10
11    <uses-permission android:name="android.permission.SYSTEM_ALERT_WINDOW" />
11-->src\debug\AndroidManifest.xml:5:5-77
11-->src\debug\AndroidManifest.xml:5:22-75
12    <uses-permission android:name="android.permission.INTERNET" />
12-->src\main\AndroidManifest.xml:4:5-67
12-->src\main\AndroidManifest.xml:4:22-64
13    <uses-permission android:name="android.permission.ACCESS_FINE_LOCATION" />
13-->src\main\AndroidManifest.xml:5:5-78
13-->src\main\AndroidManifest.xml:5:22-76
14    <uses-permission android:name="android.permission.ACCESS_COARSE_LOCATION" />
14-->src\main\AndroidManifest.xml:6:5-80
14-->src\main\AndroidManifest.xml:6:22-78
15    <uses-permission android:name="android.permission.CAMERA" />
15-->src\main\AndroidManifest.xml:7:6-65
15-->src\main\AndroidManifest.xml:7:23-63
16    <uses-permission android:name="android.permission.ACCESS_BACKGROUND_LOCATION" />
16-->src\main\AndroidManifest.xml:8:5-84
16-->src\main\AndroidManifest.xml:8:22-82
17    <uses-permission android:name="android.permission.BLUETOOTH" />
17-->src\main\AndroidManifest.xml:9:5-68
17-->src\main\AndroidManifest.xml:9:22-65
18    <uses-permission android:name="android.permission.BLUETOOTH_SETTINGS" />
18-->src\main\AndroidManifest.xml:10:5-77
18-->src\main\AndroidManifest.xml:10:22-74
19    <uses-permission android:name="android.permission.WRITE_EXTERNAL_STORAGE" />
19-->src\main\AndroidManifest.xml:11:8-83
19-->src\main\AndroidManifest.xml:11:25-81
20    <uses-permission android:name="android.permission.FOREGROUND_SERVICE" />
20-->src\main\AndroidManifest.xml:12:5-77
20-->src\main\AndroidManifest.xml:12:22-74
21    <uses-permission android:name="android.permission.WAKE_LOCK" />
21-->src\main\AndroidManifest.xml:13:3-66
21-->src\main\AndroidManifest.xml:13:20-63
22    <uses-permission android:name="android.permission.BLUETOOTH_ADMIN" />
22-->src\main\AndroidManifest.xml:14:1-70
22-->src\main\AndroidManifest.xml:14:18-67
23
24    <uses-feature
24-->src\main\AndroidManifest.xml:15:1-85
25        android:name="android.hardware.bluetooth_le"
25-->src\main\AndroidManifest.xml:15:15-59
26        android:required="true" />
26-->src\main\AndroidManifest.xml:15:60-83
27
28    <uses-permission android:name="android.permission.ACCESS_NETWORK_STATE" />
28-->[:react-native-firebase_auth] AndroidManifest.xml:13:5-79
28-->[:react-native-firebase_auth] AndroidManifest.xml:13:22-76
29
30    <uses-feature
30-->[com.google.android.gms:play-services-maps:17.0.0] AndroidManifest.xml:26:5-28:35
31        android:glEsVersion="0x00020000"
31-->[com.google.android.gms:play-services-maps:17.0.0] AndroidManifest.xml:27:9-41
32        android:required="true" />
32-->[com.google.android.gms:play-services-maps:17.0.0] AndroidManifest.xml:28:9-32
33
34    <uses-permission android:name="android.permission.ACCESS_WIFI_STATE" />
34-->[com.facebook.flipper:flipper:0.75.1] AndroidManifest.xml:16:5-76
34-->[com.facebook.flipper:flipper:0.75.1] AndroidManifest.xml:16:22-73
35    <uses-permission android:name="android.permission.READ_EXTERNAL_STORAGE" /> <!-- Required by older versions of Google Play services to create IID tokens -->
35-->[:react-native-smtp-mailer] AndroidManifest.xml:11:5-80
35-->[:react-native-smtp-mailer] AndroidManifest.xml:11:22-77
36    <uses-permission android:name="com.google.android.c2dm.permission.RECEIVE" />
36-->[com.google.firebase:firebase-messaging:23.0.0] AndroidManifest.xml:25:5-82
36-->[com.google.firebase:firebase-messaging:23.0.0] AndroidManifest.xml:25:22-79
37    <uses-permission android:name="com.google.android.finsky.permission.BIND_GET_INSTALL_REFERRER_SERVICE" /> <!-- Include required permissions for Advertising Id -->
37-->[com.google.android.gms:play-services-measurement:20.0.1] AndroidManifest.xml:26:5-110
37-->[com.google.android.gms:play-services-measurement:20.0.1] AndroidManifest.xml:26:22-107
38    <uses-permission android:name="com.google.android.gms.permission.AD_ID" />
38-->[com.google.android.gms:play-services-ads-identifier:18.0.0] AndroidManifest.xml:23:5-79
38-->[com.google.android.gms:play-services-ads-identifier:18.0.0] AndroidManifest.xml:23:22-76
39
40    <application
40-->src\main\AndroidManifest.xml:16:5-61:19
41        android:name="com.geolocationtcc.MainApplication"
41-->src\main\AndroidManifest.xml:17:7-38
42        android:allowBackup="false"
42-->src\main\AndroidManifest.xml:21:7-34
43        android:appComponentFactory="androidx.core.app.CoreComponentFactory"
43-->[androidx.core:core:1.3.1] AndroidManifest.xml:24:18-86
44        android:debuggable="true"
45        android:icon="@mipmap/ic_launcher"
45-->src\main\AndroidManifest.xml:19:7-41
46        android:label="@string/app_name"
46-->src\main\AndroidManifest.xml:18:7-39
47        android:requestLegacyExternalStorage="true"
47-->src\main\AndroidManifest.xml:22:7-50
48        android:roundIcon="@mipmap/ic_launcher_round"
48-->src\main\AndroidManifest.xml:20:7-52
49        android:theme="@style/AppTheme"
49-->src\main\AndroidManifest.xml:24:7-38
50        android:usesCleartextTraffic="true"
50-->src\debug\AndroidManifest.xml:8:9-44
51        android:windowSoftInputMode="adjustPan|adjustResize" >
51-->src\main\AndroidManifest.xml:23:5-57
52        <activity android:name="com.facebook.react.devsupport.DevSettingsActivity" />
52-->src\debug\AndroidManifest.xml:11:9-86
52-->src\debug\AndroidManifest.xml:11:19-83
53
54        <meta-data
54-->src\main\AndroidManifest.xml:25:8-28:7
55            android:name="com.supersami.foregroundservice.notification_channel_name"
55-->src\main\AndroidManifest.xml:26:7-79
56            android:value="Sticky Title" />
56-->src\main\AndroidManifest.xml:27:7-35
57        <meta-data
57-->src\main\AndroidManifest.xml:30:5-32:66
58            android:name="com.google.android.geo.API_KEY"
58-->src\main\AndroidManifest.xml:31:9-54
59            android:value="AIzaSyDE8-xc2Fe3qkfgKb4IF4DeatamdyywQHo" />
59-->src\main\AndroidManifest.xml:32:9-64
60        <meta-data
60-->src\main\AndroidManifest.xml:34:5-37:7
61            android:name="com.supersami.foregroundservice.notification_channel_description"
61-->src\main\AndroidManifest.xml:35:7-86
62            android:value="Sticky Description." />
62-->src\main\AndroidManifest.xml:36:7-42
63        <meta-data
63-->src\main\AndroidManifest.xml:38:5-41:7
64            android:name="com.supersami.foregroundservice.notification_color"
64-->src\main\AndroidManifest.xml:39:7-72
65            android:resource="@color/hera" />
65-->src\main\AndroidManifest.xml:40:7-37
66
67        <service android:name="com.supersami.foregroundservice.ForegroundService" />
67-->src\main\AndroidManifest.xml:45:5-89
67-->src\main\AndroidManifest.xml:45:14-78
68        <service android:name="com.supersami.foregroundservice.ForegroundServiceTask" />
68-->src\main\AndroidManifest.xml:46:5-93
68-->src\main\AndroidManifest.xml:46:14-82
69
70        <activity
70-->src\main\AndroidManifest.xml:48:7-60:18
71            android:name="com.geolocationtcc.MainActivity"
71-->src\main\AndroidManifest.xml:49:9-37
72            android:configChanges="keyboard|keyboardHidden|orientation|screenSize|uiMode"
72-->src\main\AndroidManifest.xml:51:9-86
73            android:label="@string/app_name"
73-->src\main\AndroidManifest.xml:50:9-41
74            android:launchMode="singleTask"
74-->src\main\AndroidManifest.xml:52:9-40
75            android:windowSoftInputMode="adjustPan" >
75-->src\main\AndroidManifest.xml:54:9-48
76            <intent-filter>
76-->src\main\AndroidManifest.xml:56:9-59:25
77                <action android:name="android.intent.action.MAIN" />
77-->src\main\AndroidManifest.xml:57:13-65
77-->src\main\AndroidManifest.xml:57:21-62
78
79                <category android:name="android.intent.category.LAUNCHER" />
79-->src\main\AndroidManifest.xml:58:13-73
79-->src\main\AndroidManifest.xml:58:23-70
80            </intent-filter>
81        </activity>
82
83        <service android:name="io.invertase.firebase.messaging.ReactNativeFirebaseMessagingHeadlessService" />
83-->[:react-native-firebase_messaging] AndroidManifest.xml:16:9-111
83-->[:react-native-firebase_messaging] AndroidManifest.xml:16:18-108
84        <service
84-->[:react-native-firebase_messaging] AndroidManifest.xml:17:9-23:19
85            android:name="io.invertase.firebase.messaging.ReactNativeFirebaseMessagingService"
85-->[:react-native-firebase_messaging] AndroidManifest.xml:18:13-95
86            android:exported="false" >
86-->[:react-native-firebase_messaging] AndroidManifest.xml:19:13-37
87            <intent-filter>
87-->[:react-native-firebase_messaging] AndroidManifest.xml:20:13-22:29
88                <action android:name="com.google.firebase.MESSAGING_EVENT" />
88-->[:react-native-firebase_messaging] AndroidManifest.xml:21:17-78
88-->[:react-native-firebase_messaging] AndroidManifest.xml:21:25-75
89            </intent-filter>
90        </service>
91
92        <receiver
92-->[:react-native-firebase_messaging] AndroidManifest.xml:25:9-32:20
93            android:name="io.invertase.firebase.messaging.ReactNativeFirebaseMessagingReceiver"
93-->[:react-native-firebase_messaging] AndroidManifest.xml:26:13-96
94            android:exported="true"
94-->[:react-native-firebase_messaging] AndroidManifest.xml:27:13-36
95            android:permission="com.google.android.c2dm.permission.SEND" >
95-->[:react-native-firebase_messaging] AndroidManifest.xml:28:13-73
96            <intent-filter>
96-->[:react-native-firebase_messaging] AndroidManifest.xml:29:13-31:29
97                <action android:name="com.google.android.c2dm.intent.RECEIVE" />
97-->[:react-native-firebase_messaging] AndroidManifest.xml:30:17-81
97-->[:react-native-firebase_messaging] AndroidManifest.xml:30:25-78
98            </intent-filter>
99        </receiver>
100
101        <meta-data
101-->[:react-native-firebase_messaging] AndroidManifest.xml:34:9-36:36
102            android:name="firebase_messaging_auto_init_enabled"
102-->[:react-native-firebase_messaging] AndroidManifest.xml:35:13-64
103            android:value="true" />
103-->[:react-native-firebase_messaging] AndroidManifest.xml:36:13-33
104        <meta-data
104-->[:react-native-firebase_messaging] AndroidManifest.xml:37:9-39:32
105            android:name="com.google.firebase.messaging.default_notification_channel_id"
105-->[:react-native-firebase_messaging] AndroidManifest.xml:38:13-89
106            android:value="" />
106-->[:react-native-firebase_messaging] AndroidManifest.xml:39:13-29
107        <meta-data
107-->[:react-native-firebase_messaging] AndroidManifest.xml:40:9-42:47
108            android:name="com.google.firebase.messaging.default_notification_color"
108-->[:react-native-firebase_messaging] AndroidManifest.xml:41:13-84
109            android:resource="@color/white" />
109-->[:react-native-firebase_messaging] AndroidManifest.xml:42:13-44
110        <meta-data
110-->[:react-native-firebase_app] AndroidManifest.xml:12:9-14:36
111            android:name="app_data_collection_default_enabled"
111-->[:react-native-firebase_app] AndroidManifest.xml:13:13-63
112            android:value="true" />
112-->[:react-native-firebase_app] AndroidManifest.xml:14:13-33
113
114        <service
114-->[:react-native-firebase_app] AndroidManifest.xml:16:9-20:19
115            android:name="com.google.firebase.components.ComponentDiscoveryService"
115-->[:react-native-firebase_app] AndroidManifest.xml:16:18-89
116            android:directBootAware="true"
116-->[com.google.firebase:firebase-common:20.0.0] AndroidManifest.xml:35:13-43
117            android:exported="false" >
117-->[com.google.firebase:firebase-auth:21.0.1] AndroidManifest.xml:76:13-37
118            <meta-data
118-->[:react-native-firebase_app] AndroidManifest.xml:17:13-19:85
119                android:name="com.google.firebase.components:io.invertase.firebase.app.ReactNativeFirebaseAppRegistrar"
119-->[:react-native-firebase_app] AndroidManifest.xml:18:17-120
120                android:value="com.google.firebase.components.ComponentRegistrar" />
120-->[:react-native-firebase_app] AndroidManifest.xml:19:17-82
121            <meta-data
121-->[com.google.firebase:firebase-auth:21.0.1] AndroidManifest.xml:77:13-79:85
122                android:name="com.google.firebase.components:com.google.firebase.auth.FirebaseAuthRegistrar"
122-->[com.google.firebase:firebase-auth:21.0.1] AndroidManifest.xml:78:17-109
123                android:value="com.google.firebase.components.ComponentRegistrar" />
123-->[com.google.firebase:firebase-auth:21.0.1] AndroidManifest.xml:79:17-82
124            <meta-data
124-->[com.google.firebase:firebase-firestore:24.0.0] AndroidManifest.xml:20:13-22:85
125                android:name="com.google.firebase.components:com.google.firebase.firestore.FirestoreRegistrar"
125-->[com.google.firebase:firebase-firestore:24.0.0] AndroidManifest.xml:21:17-111
126                android:value="com.google.firebase.components.ComponentRegistrar" />
126-->[com.google.firebase:firebase-firestore:24.0.0] AndroidManifest.xml:22:17-82
127            <meta-data
127-->[com.google.firebase:firebase-dynamic-links:21.0.0] AndroidManifest.xml:27:13-29:85
128                android:name="com.google.firebase.components:com.google.firebase.dynamiclinks.internal.FirebaseDynamicLinkRegistrar"
128-->[com.google.firebase:firebase-dynamic-links:21.0.0] AndroidManifest.xml:28:17-133
129                android:value="com.google.firebase.components.ComponentRegistrar" />
129-->[com.google.firebase:firebase-dynamic-links:21.0.0] AndroidManifest.xml:29:17-82
130            <meta-data
130-->[com.google.firebase:firebase-storage:20.0.0] AndroidManifest.xml:33:13-35:85
131                android:name="com.google.firebase.components:com.google.firebase.storage.StorageRegistrar"
131-->[com.google.firebase:firebase-storage:20.0.0] AndroidManifest.xml:34:17-107
132                android:value="com.google.firebase.components.ComponentRegistrar" />
132-->[com.google.firebase:firebase-storage:20.0.0] AndroidManifest.xml:35:17-82
133            <meta-data
133-->[com.google.firebase:firebase-messaging:23.0.0] AndroidManifest.xml:52:13-54:85
134                android:name="com.google.firebase.components:com.google.firebase.messaging.FirebaseMessagingRegistrar"
134-->[com.google.firebase:firebase-messaging:23.0.0] AndroidManifest.xml:53:17-119
135                android:value="com.google.firebase.components.ComponentRegistrar" />
135-->[com.google.firebase:firebase-messaging:23.0.0] AndroidManifest.xml:54:17-82
136            <meta-data
136-->[com.google.android.gms:play-services-measurement-api:20.0.1] AndroidManifest.xml:30:13-32:85
137                android:name="com.google.firebase.components:com.google.firebase.analytics.connector.internal.AnalyticsConnectorRegistrar"
137-->[com.google.android.gms:play-services-measurement-api:20.0.1] AndroidManifest.xml:31:17-139
138                android:value="com.google.firebase.components.ComponentRegistrar" />
138-->[com.google.android.gms:play-services-measurement-api:20.0.1] AndroidManifest.xml:32:17-82
139            <meta-data
139-->[com.google.firebase:firebase-datatransport:18.0.0] AndroidManifest.xml:28:13-30:85
140                android:name="com.google.firebase.components:com.google.firebase.datatransport.TransportRegistrar"
140-->[com.google.firebase:firebase-datatransport:18.0.0] AndroidManifest.xml:29:17-115
141                android:value="com.google.firebase.components.ComponentRegistrar" />
141-->[com.google.firebase:firebase-datatransport:18.0.0] AndroidManifest.xml:30:17-82
142            <meta-data
142-->[com.google.firebase:firebase-installations:17.0.0] AndroidManifest.xml:18:13-20:85
143                android:name="com.google.firebase.components:com.google.firebase.installations.FirebaseInstallationsRegistrar"
143-->[com.google.firebase:firebase-installations:17.0.0] AndroidManifest.xml:19:17-127
144                android:value="com.google.firebase.components.ComponentRegistrar" />
144-->[com.google.firebase:firebase-installations:17.0.0] AndroidManifest.xml:20:17-82
145        </service>
146
147        <provider
147-->[:react-native-firebase_app] AndroidManifest.xml:22:9-26:38
148            android:name="io.invertase.firebase.app.ReactNativeFirebaseAppInitProvider"
148-->[:react-native-firebase_app] AndroidManifest.xml:23:13-88
149            android:authorities="com.geolocationtcc.reactnativefirebaseappinitprovider"
149-->[:react-native-firebase_app] AndroidManifest.xml:24:13-86
150            android:exported="false"
150-->[:react-native-firebase_app] AndroidManifest.xml:25:13-37
151            android:initOrder="99" />
151-->[:react-native-firebase_app] AndroidManifest.xml:26:13-35
152
153        <activity
153-->[com.google.android.gms:play-services-auth:20.0.0] AndroidManifest.xml:23:9-27:75
154            android:name="com.google.android.gms.auth.api.signin.internal.SignInHubActivity"
154-->[com.google.android.gms:play-services-auth:20.0.0] AndroidManifest.xml:24:13-93
155            android:excludeFromRecents="true"
155-->[com.google.android.gms:play-services-auth:20.0.0] AndroidManifest.xml:25:13-46
156            android:exported="false"
156-->[com.google.android.gms:play-services-auth:20.0.0] AndroidManifest.xml:26:13-37
157            android:theme="@android:style/Theme.Translucent.NoTitleBar" />
157-->[com.google.android.gms:play-services-auth:20.0.0] AndroidManifest.xml:27:13-72
158        <!--
159            Service handling Google Sign-In user revocation. For apps that do not integrate with
160            Google Sign-In, this service will never be started.
161        -->
162        <service
162-->[com.google.android.gms:play-services-auth:20.0.0] AndroidManifest.xml:33:9-37:51
163            android:name="com.google.android.gms.auth.api.signin.RevocationBoundService"
163-->[com.google.android.gms:play-services-auth:20.0.0] AndroidManifest.xml:34:13-89
164            android:exported="true"
164-->[com.google.android.gms:play-services-auth:20.0.0] AndroidManifest.xml:35:13-36
165            android:permission="com.google.android.gms.auth.api.signin.permission.REVOCATION_NOTIFICATION"
165-->[com.google.android.gms:play-services-auth:20.0.0] AndroidManifest.xml:36:13-107
166            android:visibleToInstantApps="true" /> <!-- Needs to be explicitly declared on P+ -->
166-->[com.google.android.gms:play-services-auth:20.0.0] AndroidManifest.xml:37:13-48
167        <uses-library
167-->[com.google.android.gms:play-services-maps:17.0.0] AndroidManifest.xml:33:9-35:40
168            android:name="org.apache.http.legacy"
168-->[com.google.android.gms:play-services-maps:17.0.0] AndroidManifest.xml:34:13-50
169            android:required="false" />
169-->[com.google.android.gms:play-services-maps:17.0.0] AndroidManifest.xml:35:13-37
170
171        <activity
171-->[com.google.firebase:firebase-auth:21.0.1] AndroidManifest.xml:27:9-44:20
172            android:name="com.google.firebase.auth.internal.GenericIdpActivity"
172-->[com.google.firebase:firebase-auth:21.0.1] AndroidManifest.xml:28:13-80
173            android:excludeFromRecents="true"
173-->[com.google.firebase:firebase-auth:21.0.1] AndroidManifest.xml:29:13-46
174            android:exported="true"
174-->[com.google.firebase:firebase-auth:21.0.1] AndroidManifest.xml:30:13-36
175            android:launchMode="singleTask"
175-->[com.google.firebase:firebase-auth:21.0.1] AndroidManifest.xml:31:13-44
176            android:theme="@android:style/Theme.Translucent.NoTitleBar" >
176-->[com.google.firebase:firebase-auth:21.0.1] AndroidManifest.xml:32:13-72
177            <intent-filter>
177-->[com.google.firebase:firebase-auth:21.0.1] AndroidManifest.xml:33:13-43:29
178                <action android:name="android.intent.action.VIEW" />
178-->[com.google.firebase:firebase-auth:21.0.1] AndroidManifest.xml:34:17-69
178-->[com.google.firebase:firebase-auth:21.0.1] AndroidManifest.xml:34:25-66
179
180                <category android:name="android.intent.category.DEFAULT" />
180-->[com.google.firebase:firebase-auth:21.0.1] AndroidManifest.xml:36:17-76
180-->[com.google.firebase:firebase-auth:21.0.1] AndroidManifest.xml:36:27-73
181                <category android:name="android.intent.category.BROWSABLE" />
181-->[com.google.firebase:firebase-auth:21.0.1] AndroidManifest.xml:37:17-78
181-->[com.google.firebase:firebase-auth:21.0.1] AndroidManifest.xml:37:27-75
182
183                <data
183-->[com.google.firebase:firebase-auth:21.0.1] AndroidManifest.xml:39:17-42:51
184                    android:host="firebase.auth"
184-->[com.google.firebase:firebase-auth:21.0.1] AndroidManifest.xml:40:21-49
185                    android:path="/"
185-->[com.google.firebase:firebase-auth:21.0.1] AndroidManifest.xml:41:21-37
186                    android:scheme="genericidp" />
186-->[com.google.firebase:firebase-auth:21.0.1] AndroidManifest.xml:42:21-48
187            </intent-filter>
188        </activity>
189        <activity
189-->[com.google.firebase:firebase-auth:21.0.1] AndroidManifest.xml:45:9-62:20
190            android:name="com.google.firebase.auth.internal.RecaptchaActivity"
190-->[com.google.firebase:firebase-auth:21.0.1] AndroidManifest.xml:46:13-79
191            android:excludeFromRecents="true"
191-->[com.google.firebase:firebase-auth:21.0.1] AndroidManifest.xml:47:13-46
192            android:exported="true"
192-->[com.google.firebase:firebase-auth:21.0.1] AndroidManifest.xml:48:13-36
193            android:launchMode="singleTask"
193-->[com.google.firebase:firebase-auth:21.0.1] AndroidManifest.xml:49:13-44
194            android:theme="@android:style/Theme.Translucent.NoTitleBar" >
194-->[com.google.firebase:firebase-auth:21.0.1] AndroidManifest.xml:50:13-72
195            <intent-filter>
195-->[com.google.firebase:firebase-auth:21.0.1] AndroidManifest.xml:51:13-61:29
196                <action android:name="android.intent.action.VIEW" />
196-->[com.google.firebase:firebase-auth:21.0.1] AndroidManifest.xml:34:17-69
196-->[com.google.firebase:firebase-auth:21.0.1] AndroidManifest.xml:34:25-66
197
198                <category android:name="android.intent.category.DEFAULT" />
198-->[com.google.firebase:firebase-auth:21.0.1] AndroidManifest.xml:36:17-76
198-->[com.google.firebase:firebase-auth:21.0.1] AndroidManifest.xml:36:27-73
199                <category android:name="android.intent.category.BROWSABLE" />
199-->[com.google.firebase:firebase-auth:21.0.1] AndroidManifest.xml:37:17-78
199-->[com.google.firebase:firebase-auth:21.0.1] AndroidManifest.xml:37:27-75
200
201                <data
201-->[com.google.firebase:firebase-auth:21.0.1] AndroidManifest.xml:39:17-42:51
202                    android:host="firebase.auth"
202-->[com.google.firebase:firebase-auth:21.0.1] AndroidManifest.xml:40:21-49
203                    android:path="/"
203-->[com.google.firebase:firebase-auth:21.0.1] AndroidManifest.xml:41:21-37
204                    android:scheme="recaptcha" />
204-->[com.google.firebase:firebase-auth:21.0.1] AndroidManifest.xml:42:21-48
205            </intent-filter>
206        </activity>
207
208        <service
208-->[com.google.firebase:firebase-auth:21.0.1] AndroidManifest.xml:64:9-73:19
209            android:name="com.google.firebase.auth.api.fallback.service.FirebaseAuthFallbackService"
209-->[com.google.firebase:firebase-auth:21.0.1] AndroidManifest.xml:65:13-101
210            android:enabled="true"
210-->[com.google.firebase:firebase-auth:21.0.1] AndroidManifest.xml:66:13-35
211            android:exported="false" >
211-->[com.google.firebase:firebase-auth:21.0.1] AndroidManifest.xml:67:13-37
212            <intent-filter>
212-->[com.google.firebase:firebase-auth:21.0.1] AndroidManifest.xml:68:13-72:29
213                <action android:name="com.google.firebase.auth.api.gms.service.START" />
213-->[com.google.firebase:firebase-auth:21.0.1] AndroidManifest.xml:69:17-89
213-->[com.google.firebase:firebase-auth:21.0.1] AndroidManifest.xml:69:25-86
214
215                <category android:name="android.intent.category.DEFAULT" />
215-->[com.google.firebase:firebase-auth:21.0.1] AndroidManifest.xml:36:17-76
215-->[com.google.firebase:firebase-auth:21.0.1] AndroidManifest.xml:36:27-73
216            </intent-filter>
217        </service>
218
219        <activity
219-->[com.google.android.gms:play-services-base:18.0.0] AndroidManifest.xml:20:9-22:45
220            android:name="com.google.android.gms.common.api.GoogleApiActivity"
220-->[com.google.android.gms:play-services-base:18.0.0] AndroidManifest.xml:20:19-85
221            android:exported="false"
221-->[com.google.android.gms:play-services-base:18.0.0] AndroidManifest.xml:22:19-43
222            android:theme="@android:style/Theme.Translucent.NoTitleBar" />
222-->[com.google.android.gms:play-services-base:18.0.0] AndroidManifest.xml:21:19-78
223
224        <provider
224-->[:react-native-image-picker] AndroidManifest.xml:12:9-20:20
225            android:name="com.imagepicker.ImagePickerProvider"
225-->[:react-native-image-picker] AndroidManifest.xml:13:13-63
226            android:authorities="com.geolocationtcc.imagepickerprovider"
226-->[:react-native-image-picker] AndroidManifest.xml:14:13-71
227            android:exported="false"
227-->[:react-native-image-picker] AndroidManifest.xml:15:13-37
228            android:grantUriPermissions="true" >
228-->[:react-native-image-picker] AndroidManifest.xml:16:13-47
229            <meta-data
229-->[:react-native-image-picker] AndroidManifest.xml:17:13-19:70
230                android:name="android.support.FILE_PROVIDER_PATHS"
230-->[:react-native-image-picker] AndroidManifest.xml:18:17-67
231                android:resource="@xml/imagepicker_provider_paths" />
231-->[:react-native-image-picker] AndroidManifest.xml:19:17-67
232        </provider>
233
234        <receiver
234-->[com.google.firebase:firebase-messaging:23.0.0] AndroidManifest.xml:28:9-35:20
235            android:name="com.google.firebase.iid.FirebaseInstanceIdReceiver"
235-->[com.google.firebase:firebase-messaging:23.0.0] AndroidManifest.xml:29:13-78
236            android:exported="true"
236-->[com.google.firebase:firebase-messaging:23.0.0] AndroidManifest.xml:30:13-36
237            android:permission="com.google.android.c2dm.permission.SEND" >
237-->[com.google.firebase:firebase-messaging:23.0.0] AndroidManifest.xml:31:13-73
238            <intent-filter>
238-->[:react-native-firebase_messaging] AndroidManifest.xml:29:13-31:29
239                <action android:name="com.google.android.c2dm.intent.RECEIVE" />
239-->[:react-native-firebase_messaging] AndroidManifest.xml:30:17-81
239-->[:react-native-firebase_messaging] AndroidManifest.xml:30:25-78
240            </intent-filter>
241        </receiver>
242        <!--
243             FirebaseMessagingService performs security checks at runtime,
244             but set to not exported to explicitly avoid allowing another app to call it.
245        -->
246        <service
246-->[com.google.firebase:firebase-messaging:23.0.0] AndroidManifest.xml:41:9-48:19
247            android:name="com.google.firebase.messaging.FirebaseMessagingService"
247-->[com.google.firebase:firebase-messaging:23.0.0] AndroidManifest.xml:42:13-82
248            android:directBootAware="true"
248-->[com.google.firebase:firebase-messaging:23.0.0] AndroidManifest.xml:43:13-43
249            android:exported="false" >
249-->[com.google.firebase:firebase-messaging:23.0.0] AndroidManifest.xml:44:13-37
250            <intent-filter android:priority="-500" >
250-->[:react-native-firebase_messaging] AndroidManifest.xml:20:13-22:29
251                <action android:name="com.google.firebase.MESSAGING_EVENT" />
251-->[:react-native-firebase_messaging] AndroidManifest.xml:21:17-78
251-->[:react-native-firebase_messaging] AndroidManifest.xml:21:25-75
252            </intent-filter>
253        </service>
254
255        <provider
255-->[com.google.firebase:firebase-common:20.0.0] AndroidManifest.xml:26:9-31:39
256            android:name="com.google.firebase.provider.FirebaseInitProvider"
256-->[com.google.firebase:firebase-common:20.0.0] AndroidManifest.xml:27:13-77
257            android:authorities="com.geolocationtcc.firebaseinitprovider"
257-->[com.google.firebase:firebase-common:20.0.0] AndroidManifest.xml:28:13-72
258            android:directBootAware="true"
258-->[com.google.firebase:firebase-common:20.0.0] AndroidManifest.xml:29:13-43
259            android:exported="false"
259-->[com.google.firebase:firebase-common:20.0.0] AndroidManifest.xml:30:13-37
260            android:initOrder="100" />
260-->[com.google.firebase:firebase-common:20.0.0] AndroidManifest.xml:31:13-36
261
262        <receiver
262-->[com.google.android.gms:play-services-measurement:20.0.1] AndroidManifest.xml:29:9-33:20
263            android:name="com.google.android.gms.measurement.AppMeasurementReceiver"
263-->[com.google.android.gms:play-services-measurement:20.0.1] AndroidManifest.xml:30:13-85
264            android:enabled="true"
264-->[com.google.android.gms:play-services-measurement:20.0.1] AndroidManifest.xml:31:13-35
265            android:exported="false" >
265-->[com.google.android.gms:play-services-measurement:20.0.1] AndroidManifest.xml:32:13-37
266        </receiver>
267
268        <service
268-->[com.google.android.gms:play-services-measurement:20.0.1] AndroidManifest.xml:35:9-38:40
269            android:name="com.google.android.gms.measurement.AppMeasurementService"
269-->[com.google.android.gms:play-services-measurement:20.0.1] AndroidManifest.xml:36:13-84
270            android:enabled="true"
270-->[com.google.android.gms:play-services-measurement:20.0.1] AndroidManifest.xml:37:13-35